<?xml version="1.0" encoding="UTF-8"?>
<!-- Generated by org.testng.reporters.JUnitReportReporter -->
<testsuite hostname="LAPTOP-0VHLILOQ" failures="0" tests="4" name="different_ways_to_post.Post_using_dp" time="1.749" errors="0" timestamp="2022-12-29T15:02:47 IST" skipped="0">
  <testcase classname="different_ways_to_post.Post_using_dp" name="addproject" time="0.026"/>
  <system-out/>
  <testcase classname="different_ways_to_post.Post_using_dp" name="addproject" time="0.028"/>
  <system-out/>
  <testcase classname="different_ways_to_post.Post_using_dp" name="addproject" time="0.038"/>
  <system-out/>
  <testcase classname="different_ways_to_post.Post_using_dp" name="addproject" time="1.657"/>
  <system-out/>
</testsuite> <!-- different_ways_to_post.Post_using_dp -->
