<?xml version="1.0" encoding="UTF-8"?>
<!-- Generated by org.testng.reporters.JUnitReportReporter -->
<testsuite hostname="LAPTOP-0VHLILOQ" failures="0" tests="1" name="authentications.BasicAuth" time="1.169" errors="0" timestamp="2023-01-03T11:27:44 IST" skipped="0">
  <testcase classname="authentications.BasicAuth" name="basic_auth_test" time="1.169"/>
  <system-out/>
</testsuite> <!-- authentications.BasicAuth -->
