<?xml version="1.0" encoding="UTF-8"?>
<!-- Generated by org.testng.reporters.JUnitReportReporter -->
<testsuite hostname="LAPTOP-0VHLILOQ" failures="0" tests="1" name="Serilization_of_Employee_details" time="0.212" errors="0" timestamp="2022-12-27T11:19:47 IST" skipped="0">
  <testcase classname="Serilization_of_Employee_details" name="serilization_of_employee_details" time="0.212"/>
  <system-out/>
</testsuite> <!-- Serilization_of_Employee_details -->
