<?xml version="1.0" encoding="UTF-8"?>
<!-- Generated by org.testng.reporters.JUnitReportReporter -->
<testsuite hostname="LAPTOP-0VHLILOQ" failures="0" tests="1" name="authentications.bearer_token" time="2.927" errors="0" timestamp="2023-01-03T13:16:55 IST" skipped="0">
  <testcase classname="authentications.bearer_token" name="bearer_auth" time="2.927"/>
  <system-out/>
</testsuite> <!-- authentications.bearer_token -->
