<?xml version="1.0" encoding="UTF-8"?>
<!-- Generated by org.testng.reporters.JUnitReportReporter -->
<testsuite hostname="LAPTOP-0VHLILOQ" failures="0" tests="1" name="crud_operation_with_framework_component.Get_project_using_excel" time="2.369" errors="0" timestamp="2023-01-04T17:17:23 IST" skipped="0">
  <testcase classname="crud_operation_with_framework_component.Get_project_using_excel" name="getSingleProject" time="2.369"/>
  <system-out/>
</testsuite> <!-- crud_operation_with_framework_component.Get_project_using_excel -->
