<?xml version="1.0" encoding="UTF-8"?>
<!-- Generated by org.testng.reporters.JUnitReportReporter -->
<testsuite hostname="LAPTOP-0VHLILOQ" failures="0" tests="1" name="crud_operations_with_bdd.Put_project_with_bdd" time="1.629" errors="0" timestamp="2022-12-28T10:53:06 IST" skipped="0">
  <testcase classname="crud_operations_with_bdd.Put_project_with_bdd" name="putmethod" time="1.629"/>
  <system-out/>
</testsuite> <!-- crud_operations_with_bdd.Put_project_with_bdd -->
