<?xml version="1.0" encoding="UTF-8"?>
<!-- Generated by org.testng.reporters.JUnitReportReporter -->
<testsuite hostname="LAPTOP-0VHLILOQ" failures="0" tests="1" name="response_validation.ResponseAsInputStream" time="2.250" errors="0" timestamp="2023-01-03T13:27:18 IST" skipped="0">
  <testcase classname="response_validation.ResponseAsInputStream" name="json_file" time="2.250"/>
  <system-out/>
</testsuite> <!-- response_validation.ResponseAsInputStream -->
