<?xml version="1.0" encoding="UTF-8"?>
<!-- Generated by org.testng.reporters.JUnitReportReporter -->
<testsuite hostname="LAPTOP-0VHLILOQ" failures="0" tests="1" name="deserilization.Deserilization_of_Employee_details" time="0.185" errors="0" timestamp="2022-12-27T11:27:35 IST" skipped="0">
  <testcase classname="deserilization.Deserilization_of_Employee_details" name="deserilization" time="0.185"/>
  <system-out/>
</testsuite> <!-- deserilization.Deserilization_of_Employee_details -->
