<?xml version="1.0" encoding="UTF-8"?>
<!-- Generated by org.testng.reporters.JUnitReportReporter -->
<testsuite hostname="LAPTOP-0VHLILOQ" failures="0" tests="1" name="crud_operation_with_framework_component.Post_method" time="3.132" errors="0" timestamp="2023-01-04T12:55:46 IST" skipped="0">
  <testcase classname="crud_operation_with_framework_component.Post_method" name="post" time="3.132"/>
  <system-out/>
</testsuite> <!-- crud_operation_with_framework_component.Post_method -->
