<?xml version="1.0" encoding="UTF-8"?>
<!-- Generated by org.testng.reporters.JUnitReportReporter -->
<testsuite hostname="LAPTOP-0VHLILOQ" failures="0" tests="1" name="crud_operations_without_bdd.delete_project" time="1.350" errors="0" timestamp="2022-12-27T17:11:57 IST" skipped="0">
  <testcase classname="crud_operations_without_bdd.delete_project" name="deletemethod" time="1.350"/>
  <system-out/>
</testsuite> <!-- crud_operations_without_bdd.delete_project -->
