<?xml version="1.0" encoding="UTF-8"?>
<!-- Generated by org.testng.reporters.JUnitReportReporter -->
<testsuite hostname="LAPTOP-0VHLILOQ" failures="0" tests="1" name="authentications.BasicAuth_with_digest$BasicAuth_with_preemptive" time="1.106" errors="0" timestamp="2023-01-03T11:31:38 IST" skipped="0">
  <testcase classname="authentications.BasicAuth_with_digest$BasicAuth_with_preemptive" name="basic_auth_test" time="1.106"/>
  <system-out/>
</testsuite> <!-- authentications.BasicAuth_with_digest$BasicAuth_with_preemptive -->
