<?xml version="1.0" encoding="UTF-8"?>
<!-- Generated by org.testng.reporters.JUnitReportReporter -->
<testsuite hostname="LAPTOP-0VHLILOQ" failures="0" tests="1" name="crud_operations_with_bdd.post_project_without_teamsize" time="1.457" errors="0" timestamp="2022-12-28T15:09:45 IST" skipped="0">
  <testcase classname="crud_operations_with_bdd.post_project_without_teamsize" name="postmethod" time="1.457"/>
  <system-out/>
</testsuite> <!-- crud_operations_with_bdd.post_project_without_teamsize -->
