<?xml version="1.0" encoding="UTF-8"?>
<!-- Generated by org.testng.reporters.JUnitReportReporter -->
<testsuite hostname="LAPTOP-0VHLILOQ" failures="0" tests="1" name="response_validation.Static_validation" time="1.981" errors="0" timestamp="2022-12-29T16:43:10 IST" skipped="0">
  <testcase classname="response_validation.Static_validation" name="getallprojects" time="1.981"/>
  <system-out/>
</testsuite> <!-- response_validation.Static_validation -->
