<?xml version="1.0" encoding="UTF-8"?>
<!-- Generated by org.testng.reporters.JUnitReportReporter -->
<testsuite hostname="LAPTOP-0VHLILOQ" failures="0" tests="1" name="authentications.Oauth" time="3.407" errors="0" timestamp="2023-01-03T13:23:15 IST" skipped="0">
  <testcase classname="authentications.Oauth" name="authentication" time="3.407"/>
  <system-out/>
</testsuite> <!-- authentications.Oauth -->
