<?xml version="1.0" encoding="UTF-8"?>
<!-- Generated by org.testng.reporters.JUnitReportReporter -->
<testsuite hostname="LAPTOP-0VHLILOQ" failures="0" tests="1" name="crud_operations_with_bdd.get_single_project" time="1.391" errors="0" timestamp="2022-12-28T15:01:46 IST" skipped="0">
  <testcase classname="crud_operations_with_bdd.get_single_project" name="getsinglemethod" time="1.391"/>
  <system-out/>
</testsuite> <!-- crud_operations_with_bdd.get_single_project -->
