<?xml version="1.0" encoding="UTF-8"?>
<!-- Generated by org.testng.reporters.JUnitReportReporter -->
<testsuite hostname="LAPTOP-0VHLILOQ" failures="0" tests="1" name="crud_operation_with_framework_component.Create_project_and_validate" time="2.285" errors="0" timestamp="2023-01-04T15:50:28 IST" skipped="0">
  <testcase classname="crud_operation_with_framework_component.Create_project_and_validate" name="addProject" time="2.285"/>
  <system-out/>
</testsuite> <!-- crud_operation_with_framework_component.Create_project_and_validate -->
