<?xml version="1.0" encoding="UTF-8"?>
<!-- Generated by org.testng.reporters.JUnitReportReporter -->
<testsuite hostname="LAPTOP-0VHLILOQ" failures="0" tests="1" name="authentications.Basic_auth_with_preemptive$BasicAuth_with_preemptive" time="1.128" errors="0" timestamp="2023-01-03T11:30:02 IST" skipped="0">
  <testcase classname="authentications.Basic_auth_with_preemptive$BasicAuth_with_preemptive" name="basic_auth_test" time="1.128"/>
  <system-out/>
</testsuite> <!-- authentications.Basic_auth_with_preemptive$BasicAuth_with_preemptive -->
