<?xml version="1.0" encoding="UTF-8"?>
<!-- Generated by org.testng.reporters.JUnitReportReporter -->
<testsuite hostname="LAPTOP-0VHLILOQ" failures="0" tests="1" name="response_validation.Api_response_in_json_file" time="2.364" errors="0" timestamp="2023-01-03T13:24:33 IST" skipped="0">
  <testcase classname="response_validation.Api_response_in_json_file" name="json_file" time="2.364"/>
  <system-out/>
</testsuite> <!-- response_validation.Api_response_in_json_file -->
