<?xml version="1.0" encoding="UTF-8"?>
<!-- Generated by org.testng.reporters.JUnitReportReporter -->
<testsuite hostname="LAPTOP-0VHLILOQ" failures="0" tests="1" name="response_validation.ResponseAsByteArray" time="2.152" errors="0" timestamp="2023-01-03T13:29:31 IST" skipped="0">
  <testcase classname="response_validation.ResponseAsByteArray" name="json_file" time="2.152"/>
  <system-out/>
</testsuite> <!-- response_validation.ResponseAsByteArray -->
